<?xml version="1.0" encoding="UTF-8"?>
<!-- Generated by org.testng.reporters.JUnitReportReporter -->
<testsuite hostname="U3-DPE-CPB-0120" name="com.dss.test.isologin.Execution" tests="1" failures="0" timestamp="24 Jan 2017 14:48:45 GMT" time="32.884" errors="0">
  <testcase name="isISOLoginSuccessfull" time="32.884" classname="com.dss.test.isologin.Execution"/>
</testsuite> <!-- com.dss.test.isologin.Execution -->
